Flutter crash report.
Please report a bug at https://github.com/flutter/flutter/issues.

## command

flutter create aavash

## exception

ProcessPackageException: ProcessException: Failed to find "C:\Program Files\Java\jdk-18\bin\java" in the search path.
  Command: C:\Program Files\Java\jdk-18\bin\java 

```
#0      LocalProcessManager.runSync (package:process/src/interface/local_process_manager.dart:118:7)
#1      ErrorHandlingProcessManager.runSync.<anonymous closure> (package:flutter_tools/src/base/error_handling_io.dart:714:24)
#2      _runSync (package:flutter_tools/src/base/error_handling_io.dart:590:14)
#3      ErrorHandlingProcessManager.runSync (package:flutter_tools/src/base/error_handling_io.dart:713:12)
#4      _DefaultProcessUtils.runSync (package:flutter_tools/src/base/process.dart:377:51)
#5      Java.version.<anonymous closure> (package:flutter_tools/src/android/java.dart:139:44)
#6      Java.version (package:flutter_tools/src/android/java.dart:179:5)
#7      Java.version (package:flutter_tools/src/android/java.dart)
#8      CreateCommand.runCommand (package:flutter_tools/src/commands/create.dart:510:41)
<asynchronous suspension>
#9      FlutterCommand.run.<anonymous closure> (package:flutter_tools/src/runner/flutter_command.dart:1350:27)
<asynchronous suspension>
#10     AppContext.run.<anonymous closure> (package:flutter_tools/src/base/context.dart:150:19)
<asynchronous suspension>
#11     CommandRunner.runCommand (package:args/command_runner.dart:212:13)
<asynchronous suspension>
#12     FlutterCommandRunner.runCommand.<anonymous closure> (package:flutter_tools/src/runner/flutter_command_runner.dart:348:9)
<asynchronous suspension>
#13     AppContext.run.<anonymous closure> (package:flutter_tools/src/base/context.dart:150:19)
<asynchronous suspension>
#14     FlutterCommandRunner.runCommand (package:flutter_tools/src/runner/flutter_command_runner.dart:294:5)
<asynchronous suspension>
#15     run.<anonymous closure>.<anonymous closure> (package:flutter_tools/runner.dart:112:9)
<asynchronous suspension>
#16     AppContext.run.<anonymous closure> (package:flutter_tools/src/base/context.dart:150:19)
<asynchronous suspension>
#17     main (package:flutter_tools/executable.dart:90:3)
<asynchronous suspension>
```

## flutter doctor

```
[32m[✓][39m Flutter (Channel stable, 3.16.3, on Microsoft Windows [Version 10.0.19045.3693], locale en-US)
    [32m•[39m Flutter version 3.16.3 on channel stable at C:\src\flutter
    [32m•[39m Upstream repository https://github.com/flutter/flutter.git
    [32m•[39m Framework revision b0366e0a3f (8 days ago), 2023-12-05 19:46:39 -0800
    [32m•[39m Engine revision 54a7145303
    [32m•[39m Dart version 3.2.3
    [32m•[39m DevTools version 2.28.4

[32m[✓][39m Windows Version (Installed version of Windows is version 10 or higher)

[33m[!][39m Android toolchain - develop for Android devices (Android SDK version 34.0.0)
    [32m•[39m Android SDK at C:\Users\Aavash\AppData\Local\Android\sdk
    [32m•[39m Platform android-34, build-tools 34.0.0
    [32m•[39m Java binary at: C:\Program Files\Java\jdk-18\bin\java
    [31m✗[39m Cannot execute C:\Program Files\Java\jdk-18\bin\java to determine the version

[32m[✓][39m Chrome - develop for the web
    [32m•[39m Chrome at C:\Program Files\Google\Chrome\Application\chrome.exe

[31m[✗][39m Visual Studio - develop Windows apps
    [31m✗[39m Visual Studio not installed; this is necessary to develop Windows apps.
      Download at https://visualstudio.microsoft.com/downloads/.
      Please install the "Desktop development with C++" workload, including all of its default components

[33m[!][39m Android Studio (not installed)
    [32m•[39m Android Studio not found; download from https://developer.android.com/studio/index.html
      (or visit https://flutter.dev/docs/get-started/install/windows#android-setup for detailed instructions).

[32m[✓][39m VS Code (version 1.85.0)
    [32m•[39m VS Code at C:\Users\Aavash\AppData\Local\Programs\Microsoft VS Code
    [32m•[39m Flutter extension version 3.78.0

[32m[✓][39m Connected device (3 available)
    [32m•[39m Windows (desktop) • windows • windows-x64    • Microsoft Windows [Version 10.0.19045.3693]
    [32m•[39m Chrome (web)      • chrome  • web-javascript • Google Chrome 120.0.6099.71
    [32m•[39m Edge (web)        • edge    • web-javascript • Microsoft Edge 120.0.2210.61

[32m[✓][39m Network resources
    [32m•[39m All expected network resources are available.

[33m![39m Doctor found issues in 3 categories.
```
